<?xml version="1.0" encoding="UTF-8"?>
<testng-results ignored="0" total="1" passed="1" failed="0" skipped="0">
  <reporter-output>
  </reporter-output>
  <suite started-at="2025-04-15T14:09:14 IST" name="Default suite" finished-at="2025-04-15T14:09:24 IST" duration-ms="9200">
    <groups>
    </groups>
    <test started-at="2025-04-15T14:09:14 IST" name="Default test" finished-at="2025-04-15T14:09:24 IST" duration-ms="9200">
      <class name="automation.tests.AutomationexerciseTest">
        <test-method is-config="true" signature="launchApplication()[pri:0, instance:automation.tests.AutomationexerciseTest@41d477ed]" started-at="2025-04-15T14:09:15 IST" name="launchApplication" finished-at="2025-04-15T14:09:21 IST" duration-ms="6819" status="PASS">
          <reporter-output>
          </reporter-output>
        </test-method> <!-- launchApplication -->
        <test-method signature="loginflow()[pri:0, instance:automation.tests.AutomationexerciseTest@41d477ed]" started-at="2025-04-15T14:09:21 IST" name="loginflow" finished-at="2025-04-15T14:09:24 IST" duration-ms="2169" status="PASS">
          <reporter-output>
          </reporter-output>
        </test-method> <!-- loginflow -->
        <test-method is-config="true" signature="closeBrowser()[pri:0, instance:automation.tests.AutomationexerciseTest@41d477ed]" started-at="2025-04-15T14:09:24 IST" name="closeBrowser" finished-at="2025-04-15T14:09:24 IST" duration-ms="164" status="PASS">
          <reporter-output>
          </reporter-output>
        </test-method> <!-- closeBrowser -->
      </class> <!-- automation.tests.AutomationexerciseTest -->
    </test> <!-- Default test -->
  </suite> <!-- Default suite -->
</testng-results>
